2018-01-29T16:02:28.680+09:00| vmx| I125: Log for VMware Player pid=11068 version=14.0.0 build=build-6661328 option=Release
2018-01-29T16:02:28.680+09:00| vmx| I125: The process is 64-bit.
2018-01-29T16:02:28.680+09:00| vmx| I125: Host codepage=windows-932 encoding=Shift_JIS
2018-01-29T16:02:28.680+09:00| vmx| I125: Host is Windows 7 Professional, 64-bit Service Pack 1 (Build 7601)
2018-01-29T16:02:28.398+09:00| vmx| I125: VTHREAD initialize main thread 1 "vmx" host id 7424
2018-01-29T16:02:28.404+09:00| vmx| I125: LOCALE Shift_JIS -> ja User=411 System=411
2018-01-29T16:02:28.404+09:00| vmx| I125: Msg_SetLocaleEx: HostLocale=Shift_JIS UserLocale=ja
2018-01-29T16:02:28.479+09:00| vmx| I125: FILE: FileCreateDirectoryRetry: Non-retriable error encountered (C:\ProgramData\VMware): Cannot create a file when that file already exists (183)
2018-01-29T16:02:28.479+09:00| vmx| I125: FILE: FileCreateDirectoryRetry: Non-retriable error encountered (C:\ProgramData\VMware\VMware Workstation): Cannot create a file when that file already exists (183)
2018-01-29T16:02:28.479+09:00| vmx| I125: FILE: FileCreateDirectoryRetry: Non-retriable error encountered (C:\ProgramData\VMware): Cannot create a file when that file already exists (183)
2018-01-29T16:02:28.479+09:00| vmx| I125: FILE: FileCreateDirectoryRetry: Non-retriable error encountered (C:\ProgramData\VMware\VMware Workstation): Cannot create a file when that file already exists (183)
2018-01-29T16:02:28.479+09:00| vmx| I125: FILE: FileCreateDirectoryRetry: Non-retriable error encountered (C:\ProgramData\VMware): Cannot create a file when that file already exists (183)
2018-01-29T16:02:28.480+09:00| vmx| I125: FILE: FileCreateDirectoryRetry: Non-retriable error encountered (C:\ProgramData\VMware\VMware Workstation): Cannot create a file when that file already exists (183)
2018-01-29T16:02:28.480+09:00| vmx| I125: DictionaryLoad: Cannot open file "C:\Users\education\AppData\Roaming\VMware\config.ini": The system cannot find the file specified.
2018-01-29T16:02:28.480+09:00| vmx| I125: Msg_Reset:
2018-01-29T16:02:28.480+09:00| vmx| I125: [msg.dictionary.load.openFailed] Cannot open file "C:\Users\education\AppData\Roaming\VMware\config.ini": The system cannot find the file specified.
2018-01-29T16:02:28.480+09:00| vmx| I125: ----------------------------------------
2018-01-29T16:02:28.480+09:00| vmx| I125: ConfigDB: Failed to load C:\Users\education\AppData\Roaming\VMware\config.ini
2018-01-29T16:02:28.481+09:00| vmx| I125: OBJLIB-LIB: Objlib initialized.
2018-01-29T16:02:28.481+09:00| vmx| I125: FILE: FileCreateDirectoryRetry: Non-retriable error encountered (C:\ProgramData\VMware): Cannot create a file when that file already exists (183)
2018-01-29T16:02:28.482+09:00| vmx| I125: DictionaryLoad: Cannot open file "C:\ProgramData\VMware\VMware Player\config.ini": The system cannot find the file specified.
2018-01-29T16:02:28.482+09:00| vmx| I125: [msg.dictionary.load.openFailed] Cannot open file "C:\ProgramData\VMware\VMware Player\config.ini": The system cannot find the file specified.
2018-01-29T16:02:28.482+09:00| vmx| I125: PREF Optional preferences file not found at C:\ProgramData\VMware\VMware Player\config.ini. Using default values.
2018-01-29T16:02:28.482+09:00| vmx| I125: FILE: FileCreateDirectoryRetry: Non-retriable error encountered (C:\ProgramData\VMware): Cannot create a file when that file already exists (183)
2018-01-29T16:02:28.482+09:00| vmx| I125: FILE: FileCreateDirectoryRetry: Non-retriable error encountered (C:\ProgramData\VMware\VMware Player): Cannot create a file when that file already exists (183)
2018-01-29T16:02:28.482+09:00| vmx| I125: FILE: FileCreateDirectoryRetry: Non-retriable error encountered (C:\ProgramData\VMware): Cannot create a file when that file already exists (183)
2018-01-29T16:02:28.482+09:00| vmx| I125: FILE: FileCreateDirectoryRetry: Non-retriable error encountered (C:\ProgramData\VMware\VMware Player): Cannot create a file when that file already exists (183)
2018-01-29T16:02:28.482+09:00| vmx| I125: DictionaryLoad: Cannot open file "C:\ProgramData\VMware\VMware Player\settings.ini": The system cannot find the file specified.
2018-01-29T16:02:28.482+09:00| vmx| I125: [msg.dictionary.load.openFailed] Cannot open file "C:\ProgramData\VMware\VMware Player\settings.ini": The system cannot find the file specified.
2018-01-29T16:02:28.482+09:00| vmx| I125: PREF Optional preferences file not found at C:\ProgramData\VMware\VMware Player\settings.ini. Using default values.
2018-01-29T16:02:28.483+09:00| vmx| I125: DictionaryLoad: Cannot open file "C:\ProgramData\VMware\VMware Player\config.ini": The system cannot find the file specified.
2018-01-29T16:02:28.483+09:00| vmx| I125: [msg.dictionary.load.openFailed] Cannot open file "C:\ProgramData\VMware\VMware Player\config.ini": The system cannot find the file specified.
2018-01-29T16:02:28.483+09:00| vmx| I125: PREF Optional preferences file not found at C:\ProgramData\VMware\VMware Player\config.ini. Using default values.
2018-01-29T16:02:28.483+09:00| vmx| I125: DictionaryLoad: Cannot open file "C:\Users\education\AppData\Roaming\VMware\config.ini": The system cannot find the file specified.
2018-01-29T16:02:28.483+09:00| vmx| I125: [msg.dictionary.load.openFailed] Cannot open file "C:\Users\education\AppData\Roaming\VMware\config.ini": The system cannot find the file specified.
2018-01-29T16:02:28.483+09:00| vmx| I125: PREF Optional preferences file not found at C:\Users\education\AppData\Roaming\VMware\config.ini. Using default values.
2018-01-29T16:02:28.483+09:00| vmx| I125: UUID: SMBIOS UUID is reported as 'cc 13 59 51 d8 25 b2 11-a8 5c f3 19 30 6d a3 9f'.
2018-01-29T16:02:28.483+09:00| vmx| I125: FILE: FileLockDynaLink: Further process validation tools are: available
2018-01-29T16:02:28.667+09:00| vmx| I125: lib/ssl: OpenSSL using FIPS_drbg for RAND
2018-01-29T16:02:28.667+09:00| vmx| I125: lib/ssl: protocol list tls1.2
2018-01-29T16:02:28.667+09:00| vmx| I125: lib/ssl: protocol list tls1.2 (openssl flags 0x17000000)
2018-01-29T16:02:28.667+09:00| vmx| I125: lib/ssl: cipher list !aNULL:kECDH+AESGCM:ECDH+AESGCM:RSA+AESGCM:kECDH+AES:ECDH+AES:RSA+AES
2018-01-29T16:02:28.667+09:00| vmx| I125: FILE: FileCreateDirectoryRetry: Non-retriable error encountered (C:\ProgramData\VMware): Cannot create a file when that file already exists (183)
2018-01-29T16:02:28.667+09:00| vmx| I125: FILE: FileCreateDirectoryRetry: Non-retriable error encountered (C:\ProgramData\VMware): Cannot create a file when that file already exists (183)
2018-01-29T16:02:28.667+09:00| vmx| I125: FILE: FileCreateDirectoryRetry: Non-retriable error encountered (C:\ProgramData\VMware): Cannot create a file when that file already exists (183)
2018-01-29T16:02:28.668+09:00| vmx| I125: FILE: FileCreateDirectoryRetry: Non-retriable error encountered (C:\ProgramData\VMware): Cannot create a file when that file already exists (183)
2018-01-29T16:02:28.668+09:00| vmx| I125: FILE: FileCreateDirectoryRetry: Non-retriable error encountered (C:\ProgramData\VMware): Cannot create a file when that file already exists (183)
2018-01-29T16:02:28.669+09:00| vmx| I125: FILE: FileCreateDirectoryRetry: Non-retriable error encountered (C:\Users): Cannot create a file when that file already exists (183)
2018-01-29T16:02:28.670+09:00| vmx| I125: FILE: FileCreateDirectoryRetry: Non-retriable error encountered (C:\Users\EDUCAT~1): Cannot create a file when that file already exists (183)
2018-01-29T16:02:28.670+09:00| vmx| I125: FILE: FileCreateDirectoryRetry: Non-retriable error encountered (C:\Users\EDUCAT~1\AppData): Cannot create a file when that file already exists (183)
2018-01-29T16:02:28.670+09:00| vmx| I125: FILE: FileCreateDirectoryRetry: Non-retriable error encountered (C:\Users\EDUCAT~1\AppData\Local): Cannot create a file when that file already exists (183)
2018-01-29T16:02:28.670+09:00| vmx| I125: FILE: FileCreateDirectoryRetry: Non-retriable error encountered (C:\Users\EDUCAT~1\AppData\Local\Temp): Cannot create a file when that file already exists (183)
2018-01-29T16:02:28.671+09:00| vmx| I125: FILE: FileCreateDirectoryRetry: Non-retriable error encountered (C:\Users\EDUCAT~1\AppData\Local\Temp\vmware-education): Cannot create a file when that file already exists (183)
2018-01-29T16:02:28.685+09:00| vmx| I125: Hostname=education-PC
2018-01-29T16:02:28.700+09:00| vmx| I125: IP=fe80::c0df:f64b:1dd6:20b0%38
2018-01-29T16:02:28.700+09:00| vmx| I125: IP=fe80::fc26:3817:2aee:46e8%40
2018-01-29T16:02:28.700+09:00| vmx| I125: IP=fe80::9dff:b6a0:815f:ceff%11
2018-01-29T16:02:28.700+09:00| vmx| I125: IP=192.168.240.1
2018-01-29T16:02:28.700+09:00| vmx| I125: IP=192.168.114.1
2018-01-29T16:02:28.700+09:00| vmx| I125: IP=192.168.243.47
2018-01-29T16:02:28.720+09:00| vmx| I125: System uptime 26207305139 us
2018-01-29T16:02:28.720+09:00| vmx| I125: Command line: "C:\Program Files (x86)\VMware\VMware Player\x64\vmware-vmx.exe" "-T" "querytoken" "-E" "ja" "-ssnapshot.numRollingTiers=0" "-sRemoteDisplay.vnc.enabled=FALSE" "-s" "vmx.stdio.keep=TRUE" "-#" "product=4;name=VMware Player;version=14.0.0;buildnumber=6661328;licensename=VMware Player;licenseversion=14.0;" "-@" "pipe=\\.\pipe\vmxb741798b38b509ae;msgs=ui" "C:\Users\education\Desktop\responsive\kasou.vmx"
2018-01-29T16:02:28.720+09:00| vmx| I125: Msg_SetLocaleEx: HostLocale=Shift_JIS UserLocale=ja
2018-01-29T16:02:28.802+09:00| vmx| I125: WQPoolAllocPoll : pollIx = 1, signalHandle = 336
2018-01-29T16:02:28.802+09:00| vmx| I125: WQPoolAllocPoll : pollIx = 2, signalHandle = 436
2018-01-29T16:02:28.803+09:00| vmx| I125: VigorTransport listening on fd 448
2018-01-29T16:02:28.803+09:00| vmx| I125: Vigor_Init 1
2018-01-29T16:02:28.803+09:00| vmx| I125: Connecting 'ui' to pipe '\\.\pipe\vmxb741798b38b509ae' with user '(null)'
2018-01-29T16:02:28.803+09:00| vmx| I125: VMXVmdb: Local connection timeout: 60000 ms.
2018-01-29T16:02:28.880+09:00| vmx| I125: VmdbAddConnection: cnxPath=/db/connection/#1/, cnxIx=1
2018-01-29T16:02:28.882+09:00| vmx| I125: Vix: [7424 mainDispatch.c:490]: VMAutomation: Initializing VMAutomation.
2018-01-29T16:02:28.884+09:00| vmx| I125: Vix: [7424 mainDispatch.c:746]: VMAutomationOpenListenerSocket() listening
2018-01-29T16:02:28.910+09:00| vmx| I125: Vix: [7424 mainDispatch.c:4234]: VMAutomation_ReportPowerOpFinished: statevar=0, newAppState=1870, success=1 additionalError=0
2018-01-29T16:02:28.910+09:00| vmx| I125: Transitioned vmx/execState/val to poweredOff
2018-01-29T16:02:28.910+09:00| vmx| I125: Vix: [7424 mainDispatch.c:4234]: VMAutomation_ReportPowerOpFinished: statevar=1, newAppState=1873, success=1 additionalError=0
2018-01-29T16:02:28.910+09:00| vmx| I125: Vix: [7424 mainDispatch.c:4234]: VMAutomation_ReportPowerOpFinished: statevar=2, newAppState=1877, success=1 additionalError=0
2018-01-29T16:02:28.910+09:00| vmx| I125: Vix: [7424 mainDispatch.c:4234]: VMAutomation_ReportPowerOpFinished: statevar=3, newAppState=1881, success=1 additionalError=0
2018-01-29T16:02:28.936+09:00| vmx| I125: IOPL_VBSRunning: Failed to connect to WMI namespace[error=0x8004100e]
2018-01-29T16:02:28.937+09:00| vmx| I125: HD: host version is 6.1.7601
2018-01-29T16:02:28.937+09:00| vmx| I125: HD: addr fffff80004985880
2018-01-29T16:02:28.937+09:00| vmx| I125: HD: fffff80004a52f00
2018-01-29T16:02:28.937+09:00| vmx| W115: Can't set WSS, error 1314
2018-01-29T16:02:28.937+09:00| vmx| I125: VerificationOfHostParameters status 1
2018-01-29T16:02:28.937+09:00| vmx| W115: VMX can't verify host parameters.
2018-01-29T16:02:28.939+09:00| vmx| I125: FeatureCompat: No EVC masks.
2018-01-29T16:02:28.944+09:00| vmx| I125: hostCPUID vendor: GenuineIntel
2018-01-29T16:02:28.944+09:00| vmx| I125: hostCPUID family: 0x6 model: 0x4e stepping: 0x3
2018-01-29T16:02:28.944+09:00| vmx| I125: hostCPUID codename: Skylake-Y
2018-01-29T16:02:28.944+09:00| vmx| I125: hostCPUID name: Intel(R) Core(TM) i5-6200U CPU @ 2.30GHz
2018-01-29T16:02:28.944+09:00| vmx| I125: hostCPUID level 00000000, 0: 0x00000016 0x756e6547 0x6c65746e 0x49656e69
2018-01-29T16:02:28.944+09:00| vmx| I125: hostCPUID level 00000001, 0: 0x000406e3 0x00100800 0x7ffafbbf 0xbfebfbff
2018-01-29T16:02:28.944+09:00| vmx| I125: hostCPUID level 00000002, 0: 0x76036301 0x00f0b5ff 0x00000000 0x00c30000
2018-01-29T16:02:28.944+09:00| vmx| I125: hostCPUID level 00000003, 0: 0x00000000 0x00000000 0x00000000 0x00000000
2018-01-29T16:02:28.944+09:00| vmx| I125: hostCPUID level 00000004, 0: 0x1c004121 0x01c0003f 0x0000003f 0x00000000
2018-01-29T16:02:28.944+09:00| vmx| I125: hostCPUID level 00000004, 1: 0x1c004122 0x01c0003f 0x0000003f 0x00000000
2018-01-29T16:02:28.944+09:00| vmx| I125: hostCPUID level 00000004, 2: 0x1c004143 0x00c0003f 0x000003ff 0x00000000
2018-01-29T16:02:28.944+09:00| vmx| I125: hostCPUID level 00000004, 3: 0x1c03c163 0x02c0003f 0x00000fff 0x00000006
2018-01-29T16:02:28.944+09:00| vmx| I125: hostCPUID level 00000004, 4: 0x00000000 0x00000000 0x00000000 0x00000000
2018-01-29T16:02:28.944+09:00| vmx| I125: hostCPUID level 00000005, 0: 0x00000040 0x00000040 0x00000003 0x11142120
2018-01-29T16:02:28.944+09:00| vmx| I125: hostCPUID level 00000006, 0: 0x000027f7 0x00000002 0x00000009 0x00000000
2018-01-29T16:02:28.944+09:00| vmx| I125: hostCPUID level 00000007, 0: 0x00000000 0x029c67af 0x00000000 0x00000000
2018-01-29T16:02:28.944+09:00| vmx| I125: hostCPUID level 00000008, 0: 0x00000000 0x00000000 0x00000000 0x00000000
2018-01-29T16:02:28.944+09:00| vmx| I125: hostCPUID level 00000009, 0: 0x00000000 0x00000000 0x00000000 0x00000000
2018-01-29T16:02:28.944+09:00| vmx| I125: hostCPUID level 0000000a, 0: 0x07300404 0x00000000 0x00000000 0x00000603
2018-01-29T16:02:28.944+09:00| vmx| I125: hostCPUID level 0000000b, 0: 0x00000001 0x00000002 0x00000100 0x00000000
2018-01-29T16:02:28.944+09:00| vmx| I125: hostCPUID level 0000000b, 1: 0x00000004 0x00000004 0x00000201 0x00000000
2018-01-29T16:02:28.944+09:00| vmx| I125: hostCPUID level 0000000b, 2: 0x00000000 0x00000000 0x00000002 0x00000000
2018-01-29T16:02:28.944+09:00| vmx| I125: hostCPUID level 0000000c, 0: 0x00000000 0x00000000 0x00000000 0x00000000
2018-01-29T16:02:28.944+09:00| vmx| I125: hostCPUID level 0000000d, 0: 0x0000001f 0x00000340 0x00000440 0x00000000
2018-01-29T16:02:28.944+09:00| vmx| I125: hostCPUID level 0000000d, 1: 0x0000000f 0x00000340 0x00000100 0x00000000
2018-01-29T16:02:28.944+09:00| vmx| I125: hostCPUID level 0000000d, 2: 0x00000100 0x00000240 0x00000000 0x00000000
2018-01-29T16:02:28.944+09:00| vmx| I125: hostCPUID level 0000000d, 3: 0x00000040 0x000003c0 0x00000000 0x00000000
2018-01-29T16:02:28.944+09:00| vmx| I125: hostCPUID level 0000000d, 4: 0x00000040 0x00000400 0x00000000 0x00000000
2018-01-29T16:02:28.944+09:00| vmx| I125: hostCPUID level 0000000d, 5: 0x00000000 0x00000000 0x00000000 0x00000000
2018-01-29T16:02:28.944+09:00| vmx| I125: hostCPUID level 0000000d, 6: 0x00000000 0x00000000 0x00000000 0x00000000
2018-01-29T16:02:28.944+09:00| vmx| I125: hostCPUID level 0000000d, 7: 0x00000000 0x00000000 0x00000000 0x00000000
2018-01-29T16:02:28.944+09:00| vmx| I125: hostCPUID level 0000000d, 8: 0x00000080 0x00000000 0x00000001 0x00000000
2018-01-29T16:02:28.944+09:00| vmx| I125: hostCPUID level 0000000d, 9: 0x00000000 0x00000000 0x00000000 0x00000000
2018-01-29T16:02:28.944+09:00| vmx| I125: hostCPUID level 0000000d, a: 0x00000000 0x00000000 0x00000000 0x00000000
2018-01-29T16:02:28.944+09:00| vmx| I125: hostCPUID level 0000000d, b: 0x00000000 0x00000000 0x00000000 0x00000000
2018-01-29T16:02:28.944+09:00| vmx| I125: hostCPUID level 0000000d, c: 0x00000000 0x00000000 0x00000000 0x00000000
2018-01-29T16:02:28.944+09:00| vmx| I125: hostCPUID level 0000000d, d: 0x00000000 0x00000000 0x00000000 0x00000000
2018-01-29T16:02:28.944+09:00| vmx| I125: hostCPUID level 0000000d, e: 0x00000000 0x00000000 0x00000000 0x00000000
2018-01-29T16:02:28.944+09:00| vmx| I125: hostCPUID level 0000000d, f: 0x00000000 0x00000000 0x00000000 0x00000000
2018-01-29T16:02:28.944+09:00| vmx| I125: hostCPUID level 0000000d, 10: 0x00000000 0x00000000 0x00000000 0x00000000
2018-01-29T16:02:28.944+09:00| vmx| I125: hostCPUID level 0000000d, 11: 0x00000000 0x00000000 0x00000000 0x00000000
2018-01-29T16:02:28.944+09:00| vmx| I125: hostCPUID level 0000000d, 12: 0x00000000 0x00000000 0x00000000 0x00000000
2018-01-29T16:02:28.944+09:00| vmx| I125: hostCPUID level 0000000d, 13: 0x00000000 0x00000000 0x00000000 0x00000000
2018-01-29T16:02:28.944+09:00| vmx| I125: hostCPUID level 0000000d, 14: 0x00000000 0x00000000 0x00000000 0x00000000
2018-01-29T16:02:28.944+09:00| vmx| I125: hostCPUID level 0000000d, 15: 0x00000000 0x00000000 0x00000000 0x00000000
2018-01-29T16:02:28.944+09:00| vmx| I125: hostCPUID level 0000000d, 16: 0x00000000 0x00000000 0x00000000 0x00000000
2018-01-29T16:02:28.945+09:00| vmx| I125: hostCPUID level 0000000d, 17: 0x00000000 0x00000000 0x00000000 0x00000000
2018-01-29T16:02:28.945+09:00| vmx| I125: hostCPUID level 0000000d, 18: 0x00000000 0x00000000 0x00000000 0x00000000
2018-01-29T16:02:28.945+09:00| vmx| I125: hostCPUID level 0000000d, 19: 0x00000000 0x00000000 0x00000000 0x00000000
2018-01-29T16:02:28.945+09:00| vmx| I125: hostCPUID level 0000000d, 1a: 0x00000000 0x00000000 0x00000000 0x00000000
2018-01-29T16:02:28.945+09:00| vmx| I125: hostCPUID level 0000000d, 1b: 0x00000000 0x00000000 0x00000000 0x00000000
2018-01-29T16:02:28.945+09:00| vmx| I125: hostCPUID level 0000000d, 1c: 0x00000000 0x00000000 0x00000000 0x00000000
2018-01-29T16:02:28.945+09:00| vmx| I125: hostCPUID level 0000000d, 1d: 0x00000000 0x00000000 0x00000000 0x00000000
2018-01-29T16:02:28.945+09:00| vmx| I125: hostCPUID level 0000000d, 1e: 0x00000000 0x00000000 0x00000000 0x00000000
2018-01-29T16:02:28.945+09:00| vmx| I125: hostCPUID level 0000000d, 1f: 0x00000000 0x00000000 0x00000000 0x00000000
2018-01-29T16:02:28.945+09:00| vmx| I125: hostCPUID level 0000000d, 20: 0x00000000 0x00000000 0x00000000 0x00000000
2018-01-29T16:02:28.945+09:00| vmx| I125: hostCPUID level 0000000d, 21: 0x00000000 0x00000000 0x00000000 0x00000000
2018-01-29T16:02:28.945+09:00| vmx| I125: hostCPUID level 0000000d, 22: 0x00000000 0x00000000 0x00000000 0x00000000
2018-01-29T16:02:28.945+09:00| vmx| I125: hostCPUID level 0000000d, 23: 0x00000000 0x00000000 0x00000000 0x00000000
2018-01-29T16:02:28.945+09:00| vmx| I125: hostCPUID level 0000000d, 24: 0x00000000 0x00000000 0x00000000 0x00000000
2018-01-29T16:02:28.945+09:00| vmx| I125: hostCPUID level 0000000d, 25: 0x00000000 0x00000000 0x00000000 0x00000000
2018-01-29T16:02:28.945+09:00| vmx| I125: hostCPUID level 0000000d, 26: 0x00000000 0x00000000 0x00000000 0x00000000
2018-01-29T16:02:28.945+09:00| vmx| I125: hostCPUID level 0000000d, 27: 0x00000000 0x00000000 0x00000000 0x00000000
2018-01-29T16:02:28.945+09:00| vmx| I125: hostCPUID level 0000000d, 28: 0x00000000 0x00000000 0x00000000 0x00000000
2018-01-29T16:02:28.945+09:00| vmx| I125: hostCPUID level 0000000d, 29: 0x00000000 0x00000000 0x00000000 0x00000000
2018-01-29T16:02:28.945+09:00| vmx| I125: hostCPUID level 0000000d, 2a: 0x00000000 0x00000000 0x00000000 0x00000000
2018-01-29T16:02:28.945+09:00| vmx| I125: hostCPUID level 0000000d, 2b: 0x00000000 0x00000000 0x00000000 0x00000000
2018-01-29T16:02:28.945+09:00| vmx| I125: hostCPUID level 0000000d, 2c: 0x00000000 0x00000000 0x00000000 0x00000000
2018-01-29T16:02:28.945+09:00| vmx| I125: hostCPUID level 0000000d, 2d: 0x00000000 0x00000000 0x00000000 0x00000000
2018-01-29T16:02:28.945+09:00| vmx| I125: hostCPUID level 0000000d, 2e: 0x00000000 0x00000000 0x00000000 0x00000000
2018-01-29T16:02:28.945+09:00| vmx| I125: hostCPUID level 0000000d, 2f: 0x00000000 0x00000000 0x00000000 0x00000000
2018-01-29T16:02:28.945+09:00| vmx| I125: hostCPUID level 0000000d, 30: 0x00000000 0x00000000 0x00000000 0x00000000
2018-01-29T16:02:28.945+09:00| vmx| I125: hostCPUID level 0000000d, 31: 0x00000000 0x00000000 0x00000000 0x00000000
2018-01-29T16:02:28.945+09:00| vmx| I125: hostCPUID level 0000000d, 32: 0x00000000 0x00000000 0x00000000 0x00000000
2018-01-29T16:02:28.945+09:00| vmx| I125: hostCPUID level 0000000d, 33: 0x00000000 0x00000000 0x00000000 0x00000000
2018-01-29T16:02:28.945+09:00| vmx| I125: hostCPUID level 0000000d, 34: 0x00000000 0x00000000 0x00000000 0x00000000
2018-01-29T16:02:28.945+09:00| vmx| I125: hostCPUID level 0000000d, 35: 0x00000000 0x00000000 0x00000000 0x00000000
2018-01-29T16:02:28.945+09:00| vmx| I125: hostCPUID level 0000000d, 36: 0x00000000 0x00000000 0x00000000 0x00000000
2018-01-29T16:02:28.945+09:00| vmx| I125: hostCPUID level 0000000d, 37: 0x00000000 0x00000000 0x00000000 0x00000000
2018-01-29T16:02:28.945+09:00| vmx| I125: hostCPUID level 0000000d, 38: 0x00000000 0x00000000 0x00000000 0x00000000
2018-01-29T16:02:28.945+09:00| vmx| I125: hostCPUID level 0000000d, 39: 0x00000000 0x00000000 0x00000000 0x00000000
2018-01-29T16:02:28.945+09:00| vmx| I125: hostCPUID level 0000000d, 3a: 0x00000000 0x00000000 0x00000000 0x00000000
2018-01-29T16:02:28.945+09:00| vmx| I125: hostCPUID level 0000000d, 3b: 0x00000000 0x00000000 0x00000000 0x00000000
2018-01-29T16:02:28.945+09:00| vmx| I125: hostCPUID level 0000000d, 3c: 0x00000000 0x00000000 0x00000000 0x00000000
2018-01-29T16:02:28.945+09:00| vmx| I125: hostCPUID level 0000000d, 3d: 0x00000000 0x00000000 0x00000000 0x00000000
2018-01-29T16:02:28.945+09:00| vmx| I125: hostCPUID level 0000000d, 3e: 0x00000000 0x00000000 0x00000000 0x00000000
2018-01-29T16:02:28.945+09:00| vmx| I125: hostCPUID level 0000000d, 3f: 0x00000000 0x00000000 0x00000000 0x00000000
2018-01-29T16:02:28.945+09:00| vmx| I125: hostCPUID level 0000000e, 0: 0x00000000 0x00000000 0x00000000 0x00000000
2018-01-29T16:02:28.945+09:00| vmx| I125: hostCPUID level 0000000f, 0: 0x00000000 0x00000000 0x00000000 0x00000000
2018-01-29T16:02:28.945+09:00| vmx| I125: hostCPUID level 0000000f, 1: 0x00000000 0x00000000 0x00000000 0x00000000
2018-01-29T16:02:28.945+09:00| vmx| I125: hostCPUID level 00000010, 0: 0x00000000 0x00000000 0x00000000 0x00000000
2018-01-29T16:02:28.945+09:00| vmx| I125: hostCPUID level 00000011, 0: 0x00000000 0x00000000 0x00000000 0x00000000
2018-01-29T16:02:28.945+09:00| vmx| I125: hostCPUID level 00000012, 0: 0x00000000 0x00000000 0x00000000 0x00000000
2018-01-29T16:02:28.945+09:00| vmx| I125: hostCPUID level 00000012, 1: 0x00000000 0x00000000 0x00000000 0x00000000
2018-01-29T16:02:28.945+09:00| vmx| I125: hostCPUID level 00000012, 2: 0x00000000 0x00000000 0x00000000 0x00000000
2018-01-29T16:02:28.945+09:00| vmx| I125: hostCPUID level 00000012, 3: 0x00000000 0x00000000 0x00000000 0x00000000
2018-01-29T16:02:28.945+09:00| vmx| I125: hostCPUID level 00000013, 0: 0x00000000 0x00000000 0x00000000 0x00000000
2018-01-29T16:02:28.945+09:00| vmx| I125: hostCPUID level 00000014, 0: 0x00000001 0x0000000f 0x00000007 0x00000000
2018-01-29T16:02:28.945+09:00| vmx| I125: hostCPUID level 00000014, 1: 0x02490002 0x003f3fff 0x00000000 0x00000000
2018-01-29T16:02:28.945+09:00| vmx| I125: hostCPUID level 00000015, 0: 0x00000002 0x000000c8 0x00000000 0x00000000
2018-01-29T16:02:28.945+09:00| vmx| I125: hostCPUID level 00000016, 0: 0x00000960 0x00000af0 0x00000064 0x00000000
2018-01-29T16:02:28.945+09:00| vmx| I125: hostCPUID level 80000000, 0: 0x80000008 0x00000000 0x00000000 0x00000000
2018-01-29T16:02:28.945+09:00| vmx| I125: hostCPUID level 80000001, 0: 0x00000000 0x00000000 0x00000121 0x2c100800
2018-01-29T16:02:28.945+09:00| vmx| I125: hostCPUID level 80000002, 0: 0x65746e49 0x2952286c 0x726f4320 0x4d542865
2018-01-29T16:02:28.945+09:00| vmx| I125: hostCPUID level 80000003, 0: 0x35692029 0x3032362d 0x43205530 0x40205550
2018-01-29T16:02:28.945+09:00| vmx| I125: hostCPUID level 80000004, 0: 0x332e3220 0x7a484730 0x00000000 0x00000000
2018-01-29T16:02:28.945+09:00| vmx| I125: hostCPUID level 80000005, 0: 0x00000000 0x00000000 0x00000000 0x00000000
2018-01-29T16:02:28.945+09:00| vmx| I125: hostCPUID level 80000006, 0: 0x00000000 0x00000000 0x01006040 0x00000000
2018-01-29T16:02:28.945+09:00| vmx| I125: hostCPUID level 80000007, 0: 0x00000000 0x00000000 0x00000000 0x00000100
2018-01-29T16:02:28.945+09:00| vmx| I125: hostCPUID level 80000008, 0: 0x00003027 0x00000000 0x00000000 0x00000000
2018-01-29T16:02:28.945+09:00| vmx| I125: CPUID differences from hostCPUID.
2018-01-29T16:02:28.945+09:00| vmx| I125: CPUID[1] level 00000001, 0: 0x000406e3 0x01100800 0x7ffafbbf 0xbfebfbff
2018-01-29T16:02:28.945+09:00| vmx| I125: CPUID[1] level 0000000b, 0: 0x00000001 0x00000002 0x00000100 0x00000001
2018-01-29T16:02:28.945+09:00| vmx| I125: CPUID[1] level 0000000b, 1: 0x00000004 0x00000004 0x00000201 0x00000001
2018-01-29T16:02:28.945+09:00| vmx| I125: CPUID[1] level 0000000b, 2: 0x00000000 0x00000000 0x00000002 0x00000001
2018-01-29T16:02:28.945+09:00| vmx| I125: CPUID[2] level 00000001, 0: 0x000406e3 0x02100800 0x7ffafbbf 0xbfebfbff
2018-01-29T16:02:28.945+09:00| vmx| I125: CPUID[2] level 0000000b, 0: 0x00000001 0x00000002 0x00000100 0x00000002
2018-01-29T16:02:28.945+09:00| vmx| I125: CPUID[2] level 0000000b, 1: 0x00000004 0x00000004 0x00000201 0x00000002
2018-01-29T16:02:28.945+09:00| vmx| I125: CPUID[2] level 0000000b, 2: 0x00000000 0x00000000 0x00000002 0x00000002
2018-01-29T16:02:28.945+09:00| vmx| I125: CPUID[3] level 00000001, 0: 0x000406e3 0x03100800 0x7ffafbbf 0xbfebfbff
2018-01-29T16:02:28.945+09:00| vmx| I125: CPUID[3] level 0000000b, 0: 0x00000001 0x00000002 0x00000100 0x00000003
2018-01-29T16:02:28.945+09:00| vmx| I125: CPUID[3] level 0000000b, 1: 0x00000004 0x00000004 0x00000201 0x00000003
2018-01-29T16:02:28.945+09:00| vmx| I125: CPUID[3] level 0000000b, 2: 0x00000000 0x00000000 0x00000002 0x00000003
2018-01-29T16:02:28.946+09:00| vmx| I125: CPUID Maximum Physical Address Bits supported across all CPUs: 39
2018-01-29T16:02:28.946+09:00| vmx| I125: Common: MSR       0x3a =                0x1
2018-01-29T16:02:28.946+09:00| vmx| I125: Common: MSR      0x480 =   0xda040000000004
2018-01-29T16:02:28.946+09:00| vmx| I125: Common: MSR      0x481 =       0x7f00000016
2018-01-29T16:02:28.946+09:00| vmx| I125: Common: MSR      0x482 = 0xfff9fffe0401e172
2018-01-29T16:02:28.946+09:00| vmx| I125: Common: MSR      0x483 =  0x1ffffff00036dff
2018-01-29T16:02:28.946+09:00| vmx| I125: Common: MSR      0x484 =    0x3ffff000011ff
2018-01-29T16:02:28.946+09:00| vmx| I125: Common: MSR      0x485 =         0x7004c1e7
2018-01-29T16:02:28.946+09:00| vmx| I125: Common: MSR      0x486 =         0x80000021
2018-01-29T16:02:28.946+09:00| vmx| I125: Common: MSR      0x487 =         0xffffffff
2018-01-29T16:02:28.946+09:00| vmx| I125: Common: MSR      0x488 =             0x2000
2018-01-29T16:02:28.946+09:00| vmx| I125: Common: MSR      0x489 =           0x3727ff
2018-01-29T16:02:28.946+09:00| vmx| I125: Common: MSR      0x48a =               0x2e
2018-01-29T16:02:28.946+09:00| vmx| I125: Common: MSR      0x48b =   0x1fbcff00000000
2018-01-29T16:02:28.946+09:00| vmx| I125: Common: MSR      0x48c =      0xf0106334141
2018-01-29T16:02:28.946+09:00| vmx| I125: Common: MSR      0x48d =       0x7f00000016
2018-01-29T16:02:28.946+09:00| vmx| I125: Common: MSR      0x48e = 0xfff9fffe04006172
2018-01-29T16:02:28.946+09:00| vmx| I125: Common: MSR      0x48f =  0x1ffffff00036dfb
2018-01-29T16:02:28.946+09:00| vmx| I125: Common: MSR      0x490 =    0x3ffff000011fb
2018-01-29T16:02:28.946+09:00| vmx| I125: Common: MSR      0x491 =                0x1
2018-01-29T16:02:28.946+09:00| vmx| I125: Common: MSR 0xc0010114 =                  0
2018-01-29T16:02:28.946+09:00| vmx| I125: Common: MSR       0xce =    0x4043df1011800
2018-01-29T16:02:28.946+09:00| vmx| I125: VMMon_GetkHzEstimate: Calculated 2400020 kHz
2018-01-29T16:02:28.946+09:00| vmx| I125: HOSTINFO: Host supports constant rate TSC.
2018-01-29T16:02:28.946+09:00| vmx| I125: TSC kHz estimates: vmmon 2400020, remembered 0, osReported 2301000. Using 2400020 kHz.
2018-01-29T16:02:28.946+09:00| vmx| I125: TSC first measured delta 394
2018-01-29T16:02:28.946+09:00| vmx| I125: TSC min delta 339
2018-01-29T16:02:28.946+09:00| vmx| I125: PTSC: RefClockToPTSC 0 @ 2343769Hz -> 0 @ 2400020000Hz
2018-01-29T16:02:28.946+09:00| vmx| I125: PTSC: RefClockToPTSC ((x * 2147484135) >> 21) + -56548379148608
2018-01-29T16:02:28.947+09:00| vmx| I125: PTSC: tscOffset -56548828571951
2018-01-29T16:02:28.947+09:00| vmx| I125: PTSC: using TSC
2018-01-29T16:02:28.947+09:00| vmx| I125: PTSC: hardware TSCs are synchronized.
2018-01-29T16:02:28.947+09:00| vmx| I125: PTSC: hardware TSCs may have been adjusted by the host.
2018-01-29T16:02:28.947+09:00| vmx| I125: PTSC: current PTSC=522678
2018-01-29T16:02:28.947+09:00| vmx| I125: WQPoolAllocPoll : pollIx = 3, signalHandle = 580
2018-01-29T16:02:29.002+09:00| vmx| I125: ConfigCheck: No rules file found. Checks are disabled.
2018-01-29T16:02:29.002+09:00| vmx| I125: changing directory to C:\Users\education\Desktop\responsive\.
2018-01-29T16:02:29.002+09:00| vmx| I125: Config file: C:\Users\education\Desktop\responsive\kasou.vmx
2018-01-29T16:02:29.002+09:00| vmx| I125: Vix: [7424 mainDispatch.c:4234]: VMAutomation_ReportPowerOpFinished: statevar=1, newAppState=1873, success=1 additionalError=0
2018-01-29T16:02:29.002+09:00| vmx| I125: Vix: [7424 mainDispatch.c:4234]: VMAutomation_ReportPowerOpFinished: statevar=2, newAppState=1878, success=1 additionalError=0
2018-01-29T16:02:29.003+09:00| vmx| I125: FILE: FileCreateDirectoryRetry: Non-retriable error encountered (C:\Users): Cannot create a file when that file already exists (183)
2018-01-29T16:02:29.003+09:00| vmx| I125: FILE: FileCreateDirectoryRetry: Non-retriable error encountered (C:\Users\EDUCAT~1): Cannot create a file when that file already exists (183)
2018-01-29T16:02:29.003+09:00| vmx| I125: FILE: FileCreateDirectoryRetry: Non-retriable error encountered (C:\Users\EDUCAT~1\AppData): Cannot create a file when that file already exists (183)
2018-01-29T16:02:29.003+09:00| vmx| I125: FILE: FileCreateDirectoryRetry: Non-retriable error encountered (C:\Users\EDUCAT~1\AppData\Local): Cannot create a file when that file already exists (183)
2018-01-29T16:02:29.004+09:00| vmx| I125: FILE: FileCreateDirectoryRetry: Non-retriable error encountered (C:\Users\EDUCAT~1\AppData\Local\Temp): Cannot create a file when that file already exists (183)
2018-01-29T16:02:29.004+09:00| vmx| I125: FILE: FileCreateDirectoryRetry: Non-retriable error encountered (C:\Users\EDUCAT~1\AppData\Local\Temp\vmware-education): Cannot create a file when that file already exists (183)
2018-01-29T16:02:29.004+09:00| vmx| I125: FILE: FileDeletionRetry: Non-retriable error encountered (C:\Users\education\Desktop\responsive\vmware-2.log): The system cannot find the file specified (2)
2018-01-29T16:02:29.007+09:00| vmx| I125: FILE: FileDeletionRetry: Non-retriable error encountered (C:\Users\education\AppData\Local\Temp\vmware-education\vmware-vmx-11068.log): The process cannot access the file because it is being used by another process (32)
2018-01-29T16:02:29.030+09:00| vmx| A100: ConfigDB: Setting ide1:0.fileName = "auto detect"
2018-01-29T16:02:29.047+09:00| vmx| I125: VMXVmdbCbVmVmxExecState: Exec state change requested to state poweredOn without reset, soft, softOptionTimeout: 0.
2018-01-29T16:02:29.047+09:00| vmx| I125: Tools: sending 'OS_PowerOn' (state = 3) state change request
2018-01-29T16:02:29.047+09:00| vmx| I125: Tools: Delaying state change request to state 3.
2018-01-29T16:02:29.047+09:00| vmx| W115: PowerOn
2018-01-29T16:02:29.047+09:00| vmx| I125: VMX_PowerOn: VMX build 6661328, UI build 6661328
2018-01-29T16:02:29.047+09:00| vmx| I125: HostWin32: WIN32 NUMA node 0, CPU mask 0x000000000000000f
2018-01-29T16:02:29.053+09:00| vmx| I125: Vix: [7424 mainDispatch.c:4234]: VMAutomation_ReportPowerOpFinished: statevar=0, newAppState=1871, success=1 additionalError=0
2018-01-29T16:02:29.053+09:00| vmx| I125: HOST Windows version 6.1, build 7601, platform 2, "Service Pack 1"
2018-01-29T16:02:29.053+09:00| vmx| I125: DICT --- GLOBAL SETTINGS C:\ProgramData\VMware\VMware Player\settings.ini
2018-01-29T16:02:29.053+09:00| vmx| I125: DICT --- NON PERSISTENT (null)
2018-01-29T16:02:29.053+09:00| vmx| I125: DICT --- USER PREFERENCES C:\Users\education\AppData\Roaming\VMware\preferences.ini
2018-01-29T16:02:29.053+09:00| vmx| I125: DICT pref.keyboardAndMouse.vmHotKey.enabled = "FALSE"
2018-01-29T16:02:29.053+09:00| vmx| I125: DICT pref.keyboardAndMouse.vmHotKey.count = "0"
2018-01-29T16:02:29.053+09:00| vmx| I125: DICT pref.vmplayer.firstRunDismissedVersion = "14.0.0"
2018-01-29T16:02:29.053+09:00| vmx| I125: DICT pref.updatesVersionIgnore.numItems = "1"
2018-01-29T16:02:29.053+09:00| vmx| I125: DICT pref.updatesVersionIgnore0.key = "paid"
2018-01-29T16:02:29.053+09:00| vmx| I125: DICT pref.updatesVersionIgnore0.value = "b3daec82-64a5-428b-aa29-476fd69fe5e7"
2018-01-29T16:02:29.053+09:00| vmx| I125: DICT   pref.lastUpdateCheckSec = "1517209070"
2018-01-29T16:02:29.053+09:00| vmx| I125: DICT         vmWizard.guestKey = "other"
2018-01-29T16:02:29.053+09:00| vmx| I125: DICT vmWizard.installMediaType = "later"
2018-01-29T16:02:29.053+09:00| vmx| I125: DICT      pref.mruVM0.filename = "C:\Users\education\Desktop\responsive\kasou.vmx"
2018-01-29T16:02:29.053+09:00| vmx| I125: DICT   pref.mruVM0.displayName = "kasou"
2018-01-29T16:02:29.053+09:00| vmx| I125: DICT         pref.mruVM0.index = "0"
2018-01-29T16:02:29.053+09:00| vmx| I125: DICT --- USER DEFAULTS C:\Users\education\AppData\Roaming\VMware\config.ini
2018-01-29T16:02:29.053+09:00| vmx| I125: DICT --- HOST DEFAULTS C:\ProgramData\VMware\VMware Player\config.ini
2018-01-29T16:02:29.053+09:00| vmx| I125: DICT --- SITE DEFAULTS C:\ProgramData\VMware\VMware Player\config.ini
2018-01-29T16:02:29.053+09:00| vmx| I125: DICT --- NONPERSISTENT
2018-01-29T16:02:29.053+09:00| vmx| I125: DICT  snapshot.numRollingTiers = "0"
2018-01-29T16:02:29.053+09:00| vmx| I125: DICT RemoteDisplay.vnc.enabled = "FALSE"
2018-01-29T16:02:29.053+09:00| vmx| I125: DICT            vmx.stdio.keep = "TRUE"
2018-01-29T16:02:29.053+09:00| vmx| I125: DICT             gui.available = "TRUE"
2018-01-29T16:02:29.053+09:00| vmx| I125: DICT --- COMMAND LINE
2018-01-29T16:02:29.053+09:00| vmx| I125: DICT  snapshot.numRollingTiers = "0"
2018-01-29T16:02:29.053+09:00| vmx| I125: DICT RemoteDisplay.vnc.enabled = "FALSE"
2018-01-29T16:02:29.053+09:00| vmx| I125: DICT            vmx.stdio.keep = "TRUE"
2018-01-29T16:02:29.053+09:00| vmx| I125: DICT             gui.available = "TRUE"
2018-01-29T16:02:29.053+09:00| vmx| I125: DICT --- RECORDING
2018-01-29T16:02:29.053+09:00| vmx| I125: DICT  snapshot.numRollingTiers = "0"
2018-01-29T16:02:29.053+09:00| vmx| I125: DICT RemoteDisplay.vnc.enabled = "FALSE"
2018-01-29T16:02:29.053+09:00| vmx| I125: DICT            vmx.stdio.keep = "TRUE"
2018-01-29T16:02:29.053+09:00| vmx| I125: DICT             gui.available = "TRUE"
2018-01-29T16:02:29.053+09:00| vmx| I125: DICT --- CONFIGURATION C:\Users\education\Desktop\responsive\kasou.vmx 
2018-01-29T16:02:29.053+09:00| vmx| I125: DICT            config.version = "8"
2018-01-29T16:02:29.053+09:00| vmx| I125: DICT         virtualHW.version = "14"
2018-01-29T16:02:29.053+09:00| vmx| I125: DICT        pciBridge0.present = "TRUE"
2018-01-29T16:02:29.053+09:00| vmx| I125: DICT        pciBridge4.present = "TRUE"
2018-01-29T16:02:29.053+09:00| vmx| I125: DICT     pciBridge4.virtualDev = "pcieRootPort"
2018-01-29T16:02:29.053+09:00| vmx| I125: DICT      pciBridge4.functions = "8"
2018-01-29T16:02:29.053+09:00| vmx| I125: DICT        pciBridge5.present = "TRUE"
2018-01-29T16:02:29.053+09:00| vmx| I125: DICT     pciBridge5.virtualDev = "pcieRootPort"
2018-01-29T16:02:29.053+09:00| vmx| I125: DICT      pciBridge5.functions = "8"
2018-01-29T16:02:29.053+09:00| vmx| I125: DICT        pciBridge6.present = "TRUE"
2018-01-29T16:02:29.053+09:00| vmx| I125: DICT     pciBridge6.virtualDev = "pcieRootPort"
2018-01-29T16:02:29.053+09:00| vmx| I125: DICT      pciBridge6.functions = "8"
2018-01-29T16:02:29.053+09:00| vmx| I125: DICT        pciBridge7.present = "TRUE"
2018-01-29T16:02:29.053+09:00| vmx| I125: DICT     pciBridge7.virtualDev = "pcieRootPort"
2018-01-29T16:02:29.053+09:00| vmx| I125: DICT      pciBridge7.functions = "8"
2018-01-29T16:02:29.053+09:00| vmx| I125: DICT             vmci0.present = "TRUE"
2018-01-29T16:02:29.053+09:00| vmx| I125: DICT             hpet0.present = "TRUE"
2018-01-29T16:02:29.053+09:00| vmx| I125: DICT               displayName = "kasou"
2018-01-29T16:02:29.053+09:00| vmx| I125: DICT                   guestOS = "other"
2018-01-29T16:02:29.053+09:00| vmx| I125: DICT                     nvram = "kasou.nvram"
2018-01-29T16:02:29.053+09:00| vmx| I125: DICT virtualHW.productCompatibility = "hosted"
2018-01-29T16:02:29.053+09:00| vmx| I125: DICT          gui.exitOnCLIHLT = "FALSE"
2018-01-29T16:02:29.053+09:00| vmx| I125: DICT        powerType.powerOff = "soft"
2018-01-29T16:02:29.053+09:00| vmx| I125: DICT         powerType.powerOn = "soft"
2018-01-29T16:02:29.053+09:00| vmx| I125: DICT         powerType.suspend = "soft"
2018-01-29T16:02:29.053+09:00| vmx| I125: DICT           powerType.reset = "soft"
2018-01-29T16:02:29.053+09:00| vmx| I125: DICT            tools.syncTime = "FALSE"
2018-01-29T16:02:29.053+09:00| vmx| I125: DICT          sound.autoDetect = "TRUE"
2018-01-29T16:02:29.053+09:00| vmx| I125: DICT            sound.fileName = "-1"
2018-01-29T16:02:29.053+09:00| vmx| I125: DICT             sound.present = "TRUE"
2018-01-29T16:02:29.053+09:00| vmx| I125: DICT                   memsize = "256"
2018-01-29T16:02:29.053+09:00| vmx| I125: DICT           ide0:0.fileName = "kasou.vmdk"
2018-01-29T16:02:29.053+09:00| vmx| I125: DICT            ide0:0.present = "TRUE"
2018-01-29T16:02:29.053+09:00| vmx| I125: DICT         ide1:0.autodetect = "TRUE"
2018-01-29T16:02:29.053+09:00| vmx| I125: DICT         ide1:0.deviceType = "cdrom-raw"
2018-01-29T16:02:29.053+09:00| vmx| I125: DICT           ide1:0.fileName = "auto detect"
2018-01-29T16:02:29.053+09:00| vmx| I125: DICT            ide1:0.present = "TRUE"
2018-01-29T16:02:29.053+09:00| vmx| I125: DICT  ethernet0.connectionType = "nat"
2018-01-29T16:02:29.053+09:00| vmx| I125: DICT     ethernet0.addressType = "generated"
2018-01-29T16:02:29.053+09:00| vmx| I125: DICT         ethernet0.present = "TRUE"
2018-01-29T16:02:29.053+09:00| vmx| I125: DICT        extendedConfigFile = "kasou.vmxf"
2018-01-29T16:02:29.053+09:00| vmx| I125: DICT           floppy0.present = "FALSE"
2018-01-29T16:02:29.053+09:00| vmx| I125: DICT --- USER DEFAULTS C:\Users\education\AppData\Roaming\VMware\config.ini 
2018-01-29T16:02:29.053+09:00| vmx| I125: DICT --- HOST DEFAULTS C:\ProgramData\VMware\VMware Workstation\config.ini 
2018-01-29T16:02:29.053+09:00| vmx| I125: DICT installerDefaults.simplifiedUI = "no"
2018-01-29T16:02:29.053+09:00| vmx| I125: DICT installerDefaults.autoSoftwareUpdateEnabled = "yes"
2018-01-29T16:02:29.053+09:00| vmx| I125: DICT installerDefaults.autoSoftwareUpdateEnabled.epoch = "11391"
2018-01-29T16:02:29.053+09:00| vmx| I125: DICT installerDefaults.componentDownloadEnabled = "yes"
2018-01-29T16:02:29.053+09:00| vmx| I125: DICT installerDefaults.dataCollectionEnabled = "yes"
2018-01-29T16:02:29.053+09:00| vmx| I125: DICT installerDefaults.dataCollectionEnabled.epoch = "11391"
2018-01-29T16:02:29.053+09:00| vmx| I125: DICT --- SITE DEFAULTS C:\ProgramData\VMware\VMware Workstation\config.ini 
2018-01-29T16:02:29.053+09:00| vmx| I125: DICT installerDefaults.simplifiedUI = "no"
2018-01-29T16:02:29.054+09:00| vmx| I125: DICT installerDefaults.autoSoftwareUpdateEnabled = "yes"
2018-01-29T16:02:29.054+09:00| vmx| I125: DICT installerDefaults.autoSoftwareUpdateEnabled.epoch = "11391"
2018-01-29T16:02:29.054+09:00| vmx| I125: DICT installerDefaults.componentDownloadEnabled = "yes"
2018-01-29T16:02:29.054+09:00| vmx| I125: DICT installerDefaults.dataCollectionEnabled = "yes"
2018-01-29T16:02:29.054+09:00| vmx| I125: DICT installerDefaults.dataCollectionEnabled.epoch = "11391"
2018-01-29T16:02:29.054+09:00| vmx| I125: DICT --- GLOBAL SETTINGS C:\ProgramData\VMware\VMware Workstation\settings.ini 
2018-01-29T16:02:29.054+09:00| vmx| I125: DICT          printers.enabled = "FALSE"
2018-01-29T16:02:29.054+09:00| vmx| I125: ToolsISO: open of C:\Program Files (x86)\VMware\VMware Player\isoimages_manifest.txt.sig failed: Could not find the file
2018-01-29T16:02:29.054+09:00| vmx| I125: ToolsISO: Unable to read signature file 'C:\Program Files (x86)\VMware\VMware Player\isoimages_manifest.txt.sig', ignoring.
2018-01-29T16:02:29.055+09:00| vmx| I125: ToolsISO: Guest 'other' not found in Tools image map file 'C:\Program Files (x86)\VMware\VMware Player\isoimages_manifest.txt'
2018-01-29T16:02:29.055+09:00| vmx| I125: GuestOS: GuestOS_GetToolsImageName: Failed to get Tools ISO image path.
2018-01-29T16:02:29.055+09:00| vmx| I125: Vix: [7424 mainDispatch.c:4234]: VMAutomation_ReportPowerOpFinished: statevar=1, newAppState=1873, success=1 additionalError=0
2018-01-29T16:02:29.056+09:00| vmx| I125: Module 'CPUIDEarly' power on failed.
2018-01-29T16:02:29.056+09:00| vmx| I125: VMX_PowerOn: ModuleTable_PowerOn = 0
2018-01-29T16:02:29.056+09:00| vmx| I125: Vix: [7424 mainDispatch.c:4234]: VMAutomation_ReportPowerOpFinished: statevar=1, newAppState=1873, success=1 additionalError=0
2018-01-29T16:02:29.056+09:00| vmx| I125: Msg_Post: Error
2018-01-29T16:02:29.056+09:00| vmx| I125: [msg.hvuser.VTDisabled] This host supports Intel VT-x, but Intel VT-x is disabled.
2018-01-29T16:02:29.056+09:00| vmx| I125+ Intel VT-x might be disabled if it has been disabled in the BIOS/firmware settings or the host has not been power-cycled since changing this setting.
2018-01-29T16:02:29.056+09:00| vmx| I125+ (1) Verify that the BIOS/firmware settings enable Intel VT-x and disable 'trusted execution.'
2018-01-29T16:02:29.056+09:00| vmx| I125+ (2) Power-cycle the host if either of these BIOS/firmware settings have been changed.
2018-01-29T16:02:29.056+09:00| vmx| I125+ (3) Power-cycle the host if you have not done so since installing VMware Player.
2018-01-29T16:02:29.056+09:00| vmx| I125+ (4) Update the host's BIOS/firmware to the latest version.
2018-01-29T16:02:29.056+09:00| vmx| I125: [msg.cpuid.legacyCPU.nohwmmu.intel] This host does not support "Intel EPT" hardware assisted MMU virtualization.
2018-01-29T16:02:29.056+09:00| vmx| I125: [msg.moduletable.powerOnFailed] Module 'CPUIDEarly' power on failed.
2018-01-29T16:02:29.056+09:00| vmx| I125: [msg.vmx.poweron.failed] Failed to start the virtual machine.
2018-01-29T16:02:29.056+09:00| vmx| I125: ----------------------------------------
2018-01-29T16:02:32.889+09:00| vmx| I125: Vix: [7424 mainDispatch.c:4234]: VMAutomation_ReportPowerOpFinished: statevar=0, newAppState=1870, success=1 additionalError=0
2018-01-29T16:02:32.890+09:00| vmx| I125: Transitioned vmx/execState/val to poweredOff
2018-01-29T16:02:32.890+09:00| vmx| I125: Vix: [7424 mainDispatch.c:4234]: VMAutomation_ReportPowerOpFinished: statevar=0, newAppState=1870, success=0 additionalError=0
2018-01-29T16:02:32.890+09:00| vmx| I125: Vix: [7424 mainDispatch.c:4273]: Error VIX_E_FAIL in VMAutomation_ReportPowerOpFinished(): 不明なエラー
2018-01-29T16:02:32.893+09:00| vmx| I125: Vix: [7424 mainDispatch.c:4234]: VMAutomation_ReportPowerOpFinished: statevar=0, newAppState=1870, success=1 additionalError=0
2018-01-29T16:02:32.893+09:00| vmx| I125: Transitioned vmx/execState/val to poweredOff
2018-01-29T16:02:32.894+09:00| vmx| I125: WQPoolFreePoll : pollIx = 3, signalHandle = 580
2018-01-29T16:02:32.895+09:00| vmx| I125: Vix: [7424 mainDispatch.c:834]: VMAutomation_LateShutdown()
2018-01-29T16:02:32.895+09:00| vmx| I125: Vix: [7424 mainDispatch.c:783]: VMAutomationCloseListenerSocket. Closing listener socket.
2018-01-29T16:02:32.896+09:00| vmx| I125: Flushing VMX VMDB connections
2018-01-29T16:02:32.901+09:00| vmx| I125: VmdbDbRemoveCnx: Removing Cnx from Db for '/db/connection/#1/'
2018-01-29T16:02:32.901+09:00| vmx| I125: VmdbCnxDisconnect: Disconnect: closed pipe for pub cnx '/db/connection/#1/' (0)
2018-01-29T16:02:32.902+09:00| vmx| I125: VigorTransport_ServerDestroy: server destroyed.
2018-01-29T16:02:32.902+09:00| vmx| I125: WQPoolFreePoll : pollIx = 2, signalHandle = 436
2018-01-29T16:02:32.902+09:00| vmx| I125: WQPoolFreePoll : pollIx = 1, signalHandle = 336
2018-01-29T16:02:32.909+09:00| vmx| I125: VMX exit (0).
2018-01-29T16:02:32.926+09:00| vmx| I125: OBJLIB-LIB: ObjLib cleanup done.
